


ARM Macro Assembler    Page 1 


    1 00000000                 AREA             RESET, DATA, READONLY
    2 00000000                 EXPORT           __Vectors
    3 00000000         __Vectors
    4 00000000 10001000        DCD              0x10001000
    5 00000004 00000000        DCD              Reset_Handler
    6 00000008                 ALIGN
    7 00000008         
    8 00000008                 AREA             mycode, CODE, READONLY
    9 00000000         ENTRY
   10 00000000                 EXPORT           Reset_Handler
   11 00000000         Reset_Handler
   12 00000000 F8DF A040       LDR              R10, =UNPACKED_BCD
   13 00000004 F8DA 0000       LDR              R0, [R10]
   14 00000008 F8DF B03C       LDR              R11, =PACKED_BCD
   15 0000000C         
   16 0000000C EA4F 32D0       LSR              R2, R0, #0x0F
   17 00000010 F002 020F       AND              R2, R2, #0x0F
   18 00000014         
   19 00000014 EA4F 2310       LSR              R3, R0, #8
   20 00000018 F003 030F       AND              R3, R3, #0x0F
   21 0000001C         
   22 0000001C EA4F 4410       LSR              R4, R0, #16
   23 00000020 F004 040F       AND              R4, R4, #0x0F
   24 00000024         
   25 00000024 EA4F 6510       LSR              R5, R0, #24
   26 00000028 F005 050F       AND              R5, R5, #0x0F
   27 0000002C         
   28 0000002C EA42 1603       ORR              R6, R2, R3, LSL #4
   29 00000030 EA46 2604       ORR              R6, R6, R4, LSL #8
   30 00000034 EA46 3605       ORR              R6, R6, R5, LSL #12
   31 00000038         
   32 00000038 F8CB 6000       STR              R6, [R11]
   33 0000003C         
   34 0000003C         STOP
   35 0000003C E7FE            B                STOP
   36 0000003E         
   37 0000003E 00 00 01020304 
                       UNPACKED_BCD
                               DCD              0x01020304
   38 00000044 00000000 
              00000000         AREA             data, DATA, READWRITE
   39 00000000 00000000 
                       PACKED_BCD
                               DCD              0
   40 00000004                 END
Command Line: --debug --xref --cpu=Cortex-M3 --apcs=interwork --depend=.\q1.d -
o.\q1.o -IC:\Keil\ARM\RV31\INC -IC:\Keil\ARM\CMSIS\Include -IC:\Keil\ARM\Inc\NX
P\LPC17xx --predefine="__EVAL SETA 1" --list=.\q1.lst q1.s



ARM Macro Assembler    Page 1 Alphabetic symbol ordering
Relocatable symbols

RESET 00000000

Symbol: RESET
   Definitions
      At line 1 in file q1.s
   Uses
      None
Comment: RESET unused
__Vectors 00000000

Symbol: __Vectors
   Definitions
      At line 3 in file q1.s
   Uses
      At line 2 in file q1.s
Comment: __Vectors used once
2 symbols



ARM Macro Assembler    Page 1 Alphabetic symbol ordering
Relocatable symbols

ENTRY 00000000

Symbol: ENTRY
   Definitions
      At line 9 in file q1.s
   Uses
      None
Comment: ENTRY unused
Reset_Handler 00000000

Symbol: Reset_Handler
   Definitions
      At line 11 in file q1.s
   Uses
      At line 5 in file q1.s
      At line 10 in file q1.s

STOP 0000003C

Symbol: STOP
   Definitions
      At line 34 in file q1.s
   Uses
      At line 35 in file q1.s
Comment: STOP used once
UNPACKED_BCD 00000040

Symbol: UNPACKED_BCD
   Definitions
      At line 37 in file q1.s
   Uses
      At line 12 in file q1.s
Comment: UNPACKED_BCD used once
mycode 00000000

Symbol: mycode
   Definitions
      At line 8 in file q1.s
   Uses
      None
Comment: mycode unused
5 symbols



ARM Macro Assembler    Page 1 Alphabetic symbol ordering
Relocatable symbols

PACKED_BCD 00000000

Symbol: PACKED_BCD
   Definitions
      At line 39 in file q1.s
   Uses
      At line 14 in file q1.s
Comment: PACKED_BCD used once
data 00000000

Symbol: data
   Definitions
      At line 38 in file q1.s
   Uses
      None
Comment: data unused
2 symbols
342 symbols in table
