


ARM Macro Assembler    Page 1 


    1 00000000                 AREA             RESET, DATA, READONLY
    2 00000000                 EXPORT           __Vectors
    3 00000000         __Vectors
    4 00000000 10001000        DCD              0x10001000
    5 00000004 00000000        DCD              Reset_Handler
    6 00000008                 ALIGN
    7 00000008         
    8 00000008                 AREA             mycode, CODE, READONLY
    9 00000000         ENTRY
   10 00000000                 EXPORT           Reset_Handler
   11 00000000         Reset_Handler
   12 00000000         
   13 00000000 4804            LDR              R0, =SRC
   14 00000002 6801            LDR              R1, [R0]
   15 00000004 6842            LDR              R2, [R0, #4]
   16 00000006         
   17 00000006 EB01 0302       ADD              R3, R1, R2
   18 0000000A EBA1 0402       SUB              R4, R1, R2
   19 0000000E         
   20 0000000E 6083            STR              R3, [R0, #8]
   21 00000010 60C4            STR              R4, [R0, #12]
   22 00000012         
   23 00000012 E7FE    STOP    B                STOP
   24 00000014         
   25 00000014 00000000        AREA             mydata, DATA, READWRITE
   26 00000000 00000008 
              00000000 SRC     DCD              8, 0
   27 00000008 00000000 
              00000000 DST     DCD              0, 0
   28 00000010                 END
Command Line: --debug --xref --cpu=Cortex-M3 --apcs=interwork --depend=.\q1.d -
o.\q1.o -IC:\Keil\ARM\RV31\INC -IC:\Keil\ARM\CMSIS\Include -IC:\Keil\ARM\Inc\NX
P\LPC17xx --predefine="__EVAL SETA 1" --list=.\q1.lst q1.s



ARM Macro Assembler    Page 1 Alphabetic symbol ordering
Relocatable symbols

RESET 00000000

Symbol: RESET
   Definitions
      At line 1 in file q1.s
   Uses
      None
Comment: RESET unused
__Vectors 00000000

Symbol: __Vectors
   Definitions
      At line 3 in file q1.s
   Uses
      At line 2 in file q1.s
Comment: __Vectors used once
2 symbols



ARM Macro Assembler    Page 1 Alphabetic symbol ordering
Relocatable symbols

ENTRY 00000000

Symbol: ENTRY
   Definitions
      At line 9 in file q1.s
   Uses
      None
Comment: ENTRY unused
Reset_Handler 00000000

Symbol: Reset_Handler
   Definitions
      At line 11 in file q1.s
   Uses
      At line 5 in file q1.s
      At line 10 in file q1.s

STOP 00000012

Symbol: STOP
   Definitions
      At line 23 in file q1.s
   Uses
      At line 23 in file q1.s
Comment: STOP used once
mycode 00000000

Symbol: mycode
   Definitions
      At line 8 in file q1.s
   Uses
      None
Comment: mycode unused
4 symbols



ARM Macro Assembler    Page 1 Alphabetic symbol ordering
Relocatable symbols

DST 00000008

Symbol: DST
   Definitions
      At line 27 in file q1.s
   Uses
      None
Comment: DST unused
SRC 00000000

Symbol: SRC
   Definitions
      At line 26 in file q1.s
   Uses
      At line 13 in file q1.s
Comment: SRC used once
mydata 00000000

Symbol: mydata
   Definitions
      At line 25 in file q1.s
   Uses
      None
Comment: mydata unused
3 symbols
342 symbols in table
