


ARM Macro Assembler    Page 1 


    1 00000000                 AREA             RESET, DATA, READONLY
    2 00000000                 EXPORT           __Vectors
    3 00000000         __Vectors
    4 00000000 00000000        DCD              0x00000000
    5 00000004 00000000        DCD              Reset_Handler
    6 00000008                 ALIGN
    7 00000008         
    8 00000008                 AREA             mycode, CODE, READONLY
    9 00000000         ENTRY
   10 00000000                 EXPORT           Reset_Handler
   11 00000000         Reset_Handler
   12 00000000 4802            LDR              R0, =SRC
   13 00000002 6801            LDR              R1, [R0]
   14 00000004 4A02            LDR              R2, =DST
   15 00000006 6011            STR              R1, [R2]
   16 00000008 E7FE    STOP    B                STOP
   17 0000000A         
   18 0000000A 00 00 00000000 
              00000000         AREA             mydata, DATA, READWRITE
   19 00000000 12345678 
                       SRC     DCD              0x12345678
   20 00000004 00000000 
                       DST     DCD              0
   21 00000008                 END
Command Line: --debug --xref --cpu=Cortex-M3 --apcs=interwork --depend=.\q2.d -
o.\q2.o -IC:\Keil\ARM\RV31\INC -IC:\Keil\ARM\CMSIS\Include -IC:\Keil\ARM\Inc\NX
P\LPC17xx --predefine="__EVAL SETA 1" --list=.\q2.lst q2.s



ARM Macro Assembler    Page 1 Alphabetic symbol ordering
Relocatable symbols

RESET 00000000

Symbol: RESET
   Definitions
      At line 1 in file q2.s
   Uses
      None
Comment: RESET unused
__Vectors 00000000

Symbol: __Vectors
   Definitions
      At line 3 in file q2.s
   Uses
      At line 2 in file q2.s
Comment: __Vectors used once
2 symbols



ARM Macro Assembler    Page 1 Alphabetic symbol ordering
Relocatable symbols

ENTRY 00000000

Symbol: ENTRY
   Definitions
      At line 9 in file q2.s
   Uses
      None
Comment: ENTRY unused
Reset_Handler 00000000

Symbol: Reset_Handler
   Definitions
      At line 11 in file q2.s
   Uses
      At line 5 in file q2.s
      At line 10 in file q2.s

STOP 00000008

Symbol: STOP
   Definitions
      At line 16 in file q2.s
   Uses
      At line 16 in file q2.s
Comment: STOP used once
mycode 00000000

Symbol: mycode
   Definitions
      At line 8 in file q2.s
   Uses
      None
Comment: mycode unused
4 symbols



ARM Macro Assembler    Page 1 Alphabetic symbol ordering
Relocatable symbols

DST 00000004

Symbol: DST
   Definitions
      At line 20 in file q2.s
   Uses
      At line 14 in file q2.s
Comment: DST used once
SRC 00000000

Symbol: SRC
   Definitions
      At line 19 in file q2.s
   Uses
      At line 12 in file q2.s
Comment: SRC used once
mydata 00000000

Symbol: mydata
   Definitions
      At line 18 in file q2.s
   Uses
      None
Comment: mydata unused
3 symbols
342 symbols in table
