


ARM Macro Assembler    Page 1 


    1 00000000                 AREA             RESET, DATA, READONLY
    2 00000000                 EXPORT           __Vectors
    3 00000000         __Vectors
    4 00000000 10001000        DCD              0x10001000
    5 00000004 00000000        DCD              Reset_Handler
    6 00000008                 ALIGN
    7 00000008         
    8 00000008                 AREA             mycode, CODE, READONLY
    9 00000000         ENTRY
   10 00000000                 EXPORT           Reset_Handler
   11 00000000         Reset_Handler
   12 00000000         
   13 00000000 4805            LDR              R0, =SRC
   14 00000002 4906            LDR              R1, =DST
   15 00000004 F04F 020A       MOV              R2, #10
   16 00000008         
   17 00000008         LOOP
   18 00000008         
   19 00000008 F850 3B04       LDR              R3, [R0], #4
   20 0000000C F841 3B04       STR              R3, [R1], #4
   21 00000010 3A01            SUBS             R2, #1
   22 00000012 D1F9            BNE              LOOP
   23 00000014         
   24 00000014 E7FE    STOP    B                STOP
   25 00000016         
   26 00000016 00 00 00000000 
              00000000         AREA             mydata, DATA, READWRITE
   27 00000000 00000001 
              00000002 
              00000003 
              00000004 
              00000005 
              00000006 
              00000007 
              00000008 
              00000009 
              0000000A SRC     DCD              1,2, 3, 4, 5, 6, 7, 8, 9, 10
   28 00000028 00000000 
                       DST     DCD              0
   29 0000002C         
   30 0000002C                 END
Command Line: --debug --xref --cpu=Cortex-M3 --apcs=interwork --depend=.\q3.d -
o.\q3.o -IC:\Keil\ARM\RV31\INC -IC:\Keil\ARM\CMSIS\Include -IC:\Keil\ARM\Inc\NX
P\LPC17xx --predefine="__EVAL SETA 1" --list=.\q3.lst q3.s



ARM Macro Assembler    Page 1 Alphabetic symbol ordering
Relocatable symbols

RESET 00000000

Symbol: RESET
   Definitions
      At line 1 in file q3.s
   Uses
      None
Comment: RESET unused
__Vectors 00000000

Symbol: __Vectors
   Definitions
      At line 3 in file q3.s
   Uses
      At line 2 in file q3.s
Comment: __Vectors used once
2 symbols



ARM Macro Assembler    Page 1 Alphabetic symbol ordering
Relocatable symbols

ENTRY 00000000

Symbol: ENTRY
   Definitions
      At line 9 in file q3.s
   Uses
      None
Comment: ENTRY unused
LOOP 00000008

Symbol: LOOP
   Definitions
      At line 17 in file q3.s
   Uses
      At line 22 in file q3.s
Comment: LOOP used once
Reset_Handler 00000000

Symbol: Reset_Handler
   Definitions
      At line 11 in file q3.s
   Uses
      At line 5 in file q3.s
      At line 10 in file q3.s

STOP 00000014

Symbol: STOP
   Definitions
      At line 24 in file q3.s
   Uses
      At line 24 in file q3.s
Comment: STOP used once
mycode 00000000

Symbol: mycode
   Definitions
      At line 8 in file q3.s
   Uses
      None
Comment: mycode unused
5 symbols



ARM Macro Assembler    Page 1 Alphabetic symbol ordering
Relocatable symbols

DST 00000028

Symbol: DST
   Definitions
      At line 28 in file q3.s
   Uses
      At line 14 in file q3.s
Comment: DST used once
SRC 00000000

Symbol: SRC
   Definitions
      At line 27 in file q3.s
   Uses
      At line 13 in file q3.s
Comment: SRC used once
mydata 00000000

Symbol: mydata
   Definitions
      At line 26 in file q3.s
   Uses
      None
Comment: mydata unused
3 symbols
343 symbols in table
