


ARM Macro Assembler    Page 1 


    1 00000000                 AREA             RESET, DATA, READONLY
    2 00000000                 EXPORT           __Vectors
    3 00000000         __Vectors
    4 00000000 10001000        DCD              0x10001000
    5 00000004 00000000        DCD              Reset_Handler
    6 00000008                 ALIGN
    7 00000008         
    8 00000008                 AREA             mycode, CODE, READONLY
    9 00000000         ENTRY
   10 00000000                 EXPORT           Reset_Handler
   11 00000000         Reset_Handler
   12 00000000 4806            LDR              R0, =VALUE1
   13 00000002 6801            LDR              R1, [R0]
   14 00000004         
   15 00000004 4806            LDR              R0, =VALUE2
   16 00000006 6802            LDR              R2, [R0]
   17 00000008         
   18 00000008 FB01 F302       MUL              R3, R1, R2
   19 0000000C         
   20 0000000C 4805            LDR              R0, =RESULT
   21 0000000E 6003            STR              R3, [R0]
   22 00000010         
   23 00000010         STOP
   24 00000010 E7FE            B                STOP
   25 00000012         
   26 00000012 00 00 00000012 
                       VALUE1  DCD              0x00000012
   27 00000018 00000005 
                       VALUE2  DCD              0x00000005
   28 0000001C 00000000 
              00000000 
              00000000         AREA             data, DATA, READWRITE
   29 00000000         
   30 00000000 00000000 
                       RESULT  DCD              0
   31 00000004                 END
Command Line: --debug --xref --cpu=Cortex-M3 --apcs=interwork --depend=.\q2.d -
o.\q2.o -IC:\Keil\ARM\RV31\INC -IC:\Keil\ARM\CMSIS\Include -IC:\Keil\ARM\Inc\NX
P\LPC17xx --predefine="__EVAL SETA 1" --list=.\q2.lst q2.s



ARM Macro Assembler    Page 1 Alphabetic symbol ordering
Relocatable symbols

RESET 00000000

Symbol: RESET
   Definitions
      At line 1 in file q2.s
   Uses
      None
Comment: RESET unused
__Vectors 00000000

Symbol: __Vectors
   Definitions
      At line 3 in file q2.s
   Uses
      At line 2 in file q2.s
Comment: __Vectors used once
2 symbols



ARM Macro Assembler    Page 1 Alphabetic symbol ordering
Relocatable symbols

ENTRY 00000000

Symbol: ENTRY
   Definitions
      At line 9 in file q2.s
   Uses
      None
Comment: ENTRY unused
Reset_Handler 00000000

Symbol: Reset_Handler
   Definitions
      At line 11 in file q2.s
   Uses
      At line 5 in file q2.s
      At line 10 in file q2.s

STOP 00000010

Symbol: STOP
   Definitions
      At line 23 in file q2.s
   Uses
      At line 24 in file q2.s
Comment: STOP used once
VALUE1 00000014

Symbol: VALUE1
   Definitions
      At line 26 in file q2.s
   Uses
      At line 12 in file q2.s
Comment: VALUE1 used once
VALUE2 00000018

Symbol: VALUE2
   Definitions
      At line 27 in file q2.s
   Uses
      At line 15 in file q2.s
Comment: VALUE2 used once
mycode 00000000

Symbol: mycode
   Definitions
      At line 8 in file q2.s
   Uses
      None
Comment: mycode unused
6 symbols



ARM Macro Assembler    Page 1 Alphabetic symbol ordering
Relocatable symbols

RESULT 00000000

Symbol: RESULT
   Definitions
      At line 30 in file q2.s
   Uses
      At line 20 in file q2.s
Comment: RESULT used once
data 00000000

Symbol: data
   Definitions
      At line 28 in file q2.s
   Uses
      None
Comment: data unused
2 symbols
343 symbols in table
