


ARM Macro Assembler    Page 1 


    1 00000000                 AREA             RESET, DATA, READONLY
    2 00000000                 EXPORT           __Vectors
    3 00000000         __Vectors
    4 00000000 10001000        DCD              0x10001000
    5 00000004 00000000        DCD              Reset_Handler
    6 00000008                 ALIGN
    7 00000008         
    8 00000008                 AREA             mycode, CODE, READONLY
    9 00000000         ENTRY
   10 00000000                 EXPORT           Reset_Handler
   11 00000000         Reset_Handler
   12 00000000 480D            LDR              R0, =VALUE1
   13 00000002 6801            LDR              R1, [R0]
   14 00000004         
   15 00000004 480D            LDR              R0, =VALUE2
   16 00000006 6802            LDR              R2, [R0]
   17 00000008         
   18 00000008 F04F 0300       MOV              R3, #0
   19 0000000C         
   20 0000000C 2A00            CMP              R2, #0
   21 0000000E D009            BEQ              DIV_ZERO
   22 00000010         
   23 00000010         DIV_LOOP
   24 00000010 4291            CMP              R1, R2
   25 00000012 DB04            BLT              END_DIV
   26 00000014         
   27 00000014 EBA1 0102       SUB              R1, R1, R2
   28 00000018 F103 0301       ADD              R3, R3, #1
   29 0000001C E7F8            B                DIV_LOOP
   30 0000001E         
   31 0000001E         END_DIV
   32 0000001E 4808            LDR              R0, =RESULT
   33 00000020 6003            STR              R3, [R0]
   34 00000022         
   35 00000022         STOP
   36 00000022 E7FE            B                STOP
   37 00000024         
   38 00000024         DIV_ZERO
   39 00000024 4806            LDR              R0, =RESULT
   40 00000026 F04F 0300       MOV              R3, #0
   41 0000002A 6003            STR              R3, [R0]
   42 0000002C E7F9            B                STOP
   43 0000002E         
   44 0000002E 00 00 00000012 
                       VALUE1  DCD              0x00000012
   45 00000034 00000005 
                       VALUE2  DCD              0x00000005
   46 00000038         
   47 00000038 00000000 
              00000000 
              00000000 
              00000000         AREA             data, DATA, READWRITE
   48 00000000 00000000 
                       RESULT  DCD              0
   49 00000004         
   50 00000004                 END
Command Line: --debug --xref --cpu=Cortex-M3 --apcs=interwork --depend=.\q3.d -
o.\q3.o -IC:\Keil\ARM\RV31\INC -IC:\Keil\ARM\CMSIS\Include -IC:\Keil\ARM\Inc\NX
P\LPC17xx --predefine="__EVAL SETA 1" --list=.\q3.lst q3.s



ARM Macro Assembler    Page 1 Alphabetic symbol ordering
Relocatable symbols

RESET 00000000

Symbol: RESET
   Definitions
      At line 1 in file q3.s
   Uses
      None
Comment: RESET unused
__Vectors 00000000

Symbol: __Vectors
   Definitions
      At line 3 in file q3.s
   Uses
      At line 2 in file q3.s
Comment: __Vectors used once
2 symbols



ARM Macro Assembler    Page 1 Alphabetic symbol ordering
Relocatable symbols

DIV_LOOP 00000010

Symbol: DIV_LOOP
   Definitions
      At line 23 in file q3.s
   Uses
      At line 29 in file q3.s
Comment: DIV_LOOP used once
DIV_ZERO 00000024

Symbol: DIV_ZERO
   Definitions
      At line 38 in file q3.s
   Uses
      At line 21 in file q3.s
Comment: DIV_ZERO used once
END_DIV 0000001E

Symbol: END_DIV
   Definitions
      At line 31 in file q3.s
   Uses
      At line 25 in file q3.s
Comment: END_DIV used once
ENTRY 00000000

Symbol: ENTRY
   Definitions
      At line 9 in file q3.s
   Uses
      None
Comment: ENTRY unused
Reset_Handler 00000000

Symbol: Reset_Handler
   Definitions
      At line 11 in file q3.s
   Uses
      At line 5 in file q3.s
      At line 10 in file q3.s

STOP 00000022

Symbol: STOP
   Definitions
      At line 35 in file q3.s
   Uses
      At line 36 in file q3.s
      At line 42 in file q3.s

VALUE1 00000030

Symbol: VALUE1
   Definitions
      At line 44 in file q3.s
   Uses
      At line 12 in file q3.s
Comment: VALUE1 used once
VALUE2 00000034



ARM Macro Assembler    Page 2 Alphabetic symbol ordering
Relocatable symbols


Symbol: VALUE2
   Definitions
      At line 45 in file q3.s
   Uses
      At line 15 in file q3.s
Comment: VALUE2 used once
mycode 00000000

Symbol: mycode
   Definitions
      At line 8 in file q3.s
   Uses
      None
Comment: mycode unused
9 symbols



ARM Macro Assembler    Page 1 Alphabetic symbol ordering
Relocatable symbols

RESULT 00000000

Symbol: RESULT
   Definitions
      At line 48 in file q3.s
   Uses
      At line 32 in file q3.s
      At line 39 in file q3.s

data 00000000

Symbol: data
   Definitions
      At line 47 in file q3.s
   Uses
      None
Comment: data unused
2 symbols
346 symbols in table
